<?xml version="1.0" encoding="UTF-8"?>
<!-- Generated by org.testng.reporters.JUnitReportReporter -->
<testsuite hostname="LAPTOP-7A23BLBV" failures="0" tests="1" name="Expedia.NewTest" time="19.576" errors="0" timestamp="2022-01-16T20:09:16 EST" skipped="0">
  <testcase classname="Expedia.NewTest" name="f" time="19.576"/>
  <system-out/>
</testsuite> <!-- Expedia.NewTest -->
